19:39:25 **** Build of configuration Debug for project CuDatBase ****
make all 
Building file: ../src/CuDatBase.cu
Invoking: NVCC Compiler
/usr/bin/nvcc -G -g -O0 -gencode arch=compute_30,code=sm_30  -odir "src" -M -o "src/CuDatBase.d" "../src/CuDatBase.cu"
/usr/bin/nvcc -G -g -O0 --compile --relocatable-device-code=false -gencode arch=compute_30,code=compute_30 -gencode arch=compute_30,code=sm_30  -x cu -o  "src/CuDatBase.o" "../src/CuDatBase.cu"
Finished building: ../src/CuDatBase.cu
 
Building file: ../src/cuda_select.cu
Invoking: NVCC Compiler
/usr/bin/nvcc -G -g -O0 -gencode arch=compute_30,code=sm_30  -odir "src" -M -o "src/cuda_select.d" "../src/cuda_select.cu"
/usr/bin/nvcc -G -g -O0 --compile --relocatable-device-code=false -gencode arch=compute_30,code=compute_30 -gencode arch=compute_30,code=sm_30  -x cu -o  "src/cuda_select.o" "../src/cuda_select.cu"
Finished building: ../src/cuda_select.cu
 
Building file: ../src/select.cpp
Invoking: NVCC Compiler
/usr/bin/nvcc -G -g -O0 -gencode arch=compute_30,code=sm_30  -odir "src" -M -o "src/select.d" "../src/select.cpp"
/usr/bin/nvcc -G -g -O0 --compile  -x c++ -o  "src/select.o" "../src/select.cpp"
Finished building: ../src/select.cpp
 
Building file: ../src/test.cu
Invoking: NVCC Compiler
/usr/bin/nvcc -G -g -O0 -gencode arch=compute_30,code=sm_30  -odir "src" -M -o "src/test.d" "../src/test.cu"
/usr/bin/nvcc -G -g -O0 --compile --relocatable-device-code=false -gencode arch=compute_30,code=compute_30 -gencode arch=compute_30,code=sm_30  -x cu -o  "src/test.o" "../src/test.cu"
Finished building: ../src/test.cu
 
Building target: CuDatBase
Invoking: NVCC Linker
/usr/bin/nvcc --cudart static --relocatable-device-code=false -gencode arch=compute_30,code=compute_30 -gencode arch=compute_30,code=sm_30 -link -o  "CuDatBase"  ./src/CuDatBase.o ./src/cuda_select.o ./src/select.o ./src/test.o   
Finished building target: CuDatBase
 

19:39:29 Build Finished (took 3s.766ms)

